SIM/GLOBAL/RUN_TYPE

New: MD
Previous: None
Date: 2019-09-21 16:25:22.926429
Success: True
ErrorMessage: None

SIM/MOTION/METHOD

New: QUICKSTEP
Previous: None
Date: 2019-09-21 16:25:22.926450
Success: True
ErrorMessage: None

SIM/MOTION/STRESS_TENSOR

New: ANALYTICAL
Previous: QUICKSTEP
Date: 2019-09-21 16:25:22.926453
Success: True
ErrorMessage: None

SIM/MOTION/DFT/ABASIS_SET_FILE_NAME

New: /home/siepmann/singh891/cp2k-6.1.0/data/BASIS_MOLOPT
Previous: None
Date: 2019-09-21 16:25:22.926458
Success: True
ErrorMessage: None

SIM/MOTION/DFT/POTENTIAL_FILE_NAME

New: /home/siepmann/singh891/cp2k-6.1.0/data/GTH-POTENTIALS
Previous: None
Date: 2019-09-21 16:25:22.926467
Success: True
ErrorMessage: None

SIM/MOTION/DFT/CHARGE

New: 0
Previous: None
Date: 2019-09-21 16:25:22.926471
Success: True
ErrorMessage: None

SIM/MOTION/DFT/MULTIPLICITY

New: 1
Previous: None
Date: 2019-09-21 16:25:22.926473
Success: True
ErrorMessage: None

SIM/MOTION/DFT/MGRID/CUTOFF

New: 600
Previous: None
Date: 2019-09-21 16:25:22.926476
Success: True
ErrorMessage: None

SIM/MOTION/DFT/MGRID/REL_CUTOFF

New: 60
Previous: None
Date: 2019-09-21 16:25:22.926479
Success: True
ErrorMessage: None

SIM/MOTION/DFT/MGRID/NGRIDS

New: 4
Previous: None
Date: 2019-09-21 16:25:22.926481
Success: True
ErrorMessage: None

SIM/MOTION/DFT/ENERGY/METHOD

New: GPW
Previous: None
Date: 2019-09-21 16:25:22.926485
Success: True
ErrorMessage: None

SIM/MOTION/DFT/ENERGY/EPS_DEFAULT

New: 1e-10
Previous: None
Date: 2019-09-21 16:25:22.926487
Success: True
ErrorMessage: None

SIM/MOTION/DFT/ENERGY/EXTRAPOLATION

New: ASPC
Previous: None
Date: 2019-09-21 16:25:22.926493
Success: True
ErrorMessage: None

SIM/MOTION/DFT/POISSON/PERIODIC

New: XYZ
Previous: None
Date: 2019-09-21 16:25:22.926497
Success: True
ErrorMessage: None

SIM/MOTION/DFT/PRINT/PRINT/SECTION_PARAMETERS

New: OFF
Previous: None
Date: 2019-09-21 16:25:22.926503
Success: True
ErrorMessage: None

SIM/MOTION/DFT/SCF/SCF_GUESS

New: ATOMIC
Previous: None
Date: 2019-09-21 16:25:22.926509
Success: True
ErrorMessage: None

SIM/MOTION/DFT/SCF/MAX_SCF

New: 30
Previous: None
Date: 2019-09-21 16:25:22.926520
Success: True
ErrorMessage: None

SIM/MOTION/DFT/SCF/OT/SECTION_PARAMETERS

New: .TRUE.
Previous: None
Date: 2019-09-21 16:25:22.926525
Success: True
ErrorMessage: None

SIM/MOTION/DFT/SCF/OT/PRECONDITIONER

New: FULL_SINGLE_INVERSE
Previous: None
Date: 2019-09-21 16:25:22.926528
Success: True
ErrorMessage: None

SIM/MOTION/DFT/SCF/OT/MINIMIZER

New: DIIS
Previous: None
Date: 2019-09-21 16:25:22.926531
Success: True
ErrorMessage: None

SIM/MOTION/DFT/SCF/OUTER_SCF/SECTION_PARAMETERS

New: .TRUE.
Previous: None
Date: 2019-09-21 16:25:22.926536
Success: True
ErrorMessage: None

SIM/MOTION/DFT/SCF/OUTER_SCF/MAX_SCF

New: 10
Previous: None
Date: 2019-09-21 16:25:22.926539
Success: True
ErrorMessage: None

SIM/MOTION/DFT/SCF/OUTER_SCF/EPS_SCF

New: 1e-06
Previous: 1e-06
Date: 2019-09-21 16:25:22.926542
Success: True
ErrorMessage: None

SIM/MOTION/DFT/SCF/SCF_PRINT/FORCES/SECTION_PARAMETERS

New: OFF
Previous: None
Date: 2019-09-21 16:25:22.926548
Success: True
ErrorMessage: None

SIM/MOTION/DFT/SCF/SCF_PRINT/DM_RESTART_WRITE

New: .TRUE.
Previous: None
Date: 2019-09-21 16:25:22.926551
Success: True
ErrorMessage: None

SIM/MOTION/DFT/XC/XC_FUNCTIONAL/SECTION_PARAMETERS

New: BLYP
Previous: None
Date: 2019-09-21 16:25:22.926555
Success: True
ErrorMessage: None

SIM/MOTION/DFT/XC/VDW_POTENTIAL/POTENTIAL_TYPE

New: PAIR_POTENTIAL
Previous: None
Date: 2019-09-21 16:25:22.926558
Success: True
ErrorMessage: None

SIM/MOTION/DFT/XC/VDW_POTENTIAL/PAIR_POTENTIAL/TYPE

New: DFTD3
Previous: None
Date: 2019-09-21 16:25:22.926564
Success: True
ErrorMessage: None

SIM/MOTION/DFT/XC/VDW_POTENTIAL/PAIR_POTENTIAL/PARAMETER_FILE_NAME

New: dftd3.dat
Previous: None
Date: 2019-09-21 16:25:22.926567
Success: True
ErrorMessage: None

SIM/MOTION/DFT/XC/VDW_POTENTIAL/PAIR_POTENTIAL/REFERENCE_FUNCTIONAL

New: BLYP
Previous: None
Date: 2019-09-21 16:25:22.926572
Success: True
ErrorMessage: None

SIM/MOTION/DFT/XC/VDW_POTENTIAL/PAIR_POTENTIAL/R_CUTOFF

New: 11
Previous: None
Date: 2019-09-21 16:25:22.926575
Success: True
ErrorMessage: None

SIM/MOTION/SUBSYS/DFT/DEFAULT_KEYWORD

New: iodine.xyz
Previous: None
Date: 2019-09-21 16:25:22.926580
Success: True
ErrorMessage: None

SIM/MOTION/SUBSYS/KIND/SECTION_PARAMETERS

New: I
Previous: None
Date: 2019-09-21 16:25:22.926583
Success: True
ErrorMessage: None

SIM/MOTION/SUBSYS/KIND/BASIS_SET

New: DZVP-MOLOPT-SR-GTH
Previous: None
Date: 2019-09-21 16:25:22.926585
Success: True
ErrorMessage: None

SIM/MOTION/SUBSYS/KIND/POTENTIAL

New: GTH-BLYP-q7
Previous: None
Date: 2019-09-21 16:25:22.926587
Success: True
ErrorMessage: None

SIM/MOTION/SUBSYS/DFT/ABC

New: 15.135 15.135 15.135
Previous: None
Date: 2019-09-21 16:25:22.926589
Success: True
ErrorMessage: None

SIM/MOTION/GEO_OPT/MAX_DR

New: BFGS
Previous: None
Date: 2019-09-21 16:25:22.926593
Success: True
ErrorMessage: None

SIM/MOTION/GEO_OPT/MAX_ITER

New: 100
Previous: None
Date: 2019-09-21 16:25:22.926597
Success: True
ErrorMessage: None

SIM/MOTION/GEO_OPT/MAX_FORCE

New: 0.003
Previous: None
Date: 2019-09-21 16:25:22.926603
Success: True
ErrorMessage: None

SIM/MOTION/MD/ENSEMBLE

New: NVT
Previous: None
Date: 2019-09-21 16:25:22.926607
Success: True
ErrorMessage: None

SIM/MOTION/MD/STEPS

New: 1000000
Previous: None
Date: 2019-09-21 16:25:22.926609
Success: True
ErrorMessage: None

SIM/MOTION/MD/TIMESTEP

New: 0.5
Previous: None
Date: 2019-09-21 16:25:22.926612
Success: True
ErrorMessage: None

SIM/MOTION/MD/TEMPERATURE

New: 409.0
Previous: None
Date: 2019-09-21 16:25:22.926617
Success: True
ErrorMessage: None

SIM/MOTION/MD/THERMOSTAT/TYPE

New: NOSE
Previous: None
Date: 2019-09-21 16:25:22.926620
Success: True
ErrorMessage: None

SIM/MOTION/MD/THERMOSTAT/REGION

New: MASSIVE
Previous: None
Date: 2019-09-21 16:25:22.926623
Success: True
ErrorMessage: None

SIM/MOTION/MD/THERMOSTAT/NOSE/LENGTH

New: 3
Previous: None
Date: 2019-09-21 16:25:22.926631
Success: True
ErrorMessage: None

SIM/MOTION/MD/THERMOSTAT/NOSE/YOSHIDA

New: 3
Previous: None
Date: 2019-09-21 16:25:22.926634
Success: True
ErrorMessage: None

SIM/MOTION/MD/THERMOSTAT/NOSE/TIMECON

New: 1000.0
Previous: None
Date: 2019-09-21 16:25:22.926637
Success: True
ErrorMessage: None

SIM/MOTION/MD/THERMOSTAT/NOSE/MTS

New: 2
Previous: None
Date: 2019-09-21 16:25:22.926640
Success: True
ErrorMessage: None

SIM/MOTION/PRINT/STRESS/SECTION_PARAMETERS

New: ON
Previous: None
Date: 2019-09-21 16:25:22.926644
Success: True
ErrorMessage: None

SIM/MOTION/PRINT/TRAJECTORY/EACH/MD

New: 10
Previous: None
Date: 2019-09-21 16:25:22.926648
Success: True
ErrorMessage: None

SIM/MOTION/PRINT/VELOCITIES/SECTION_PARAMETERS

New: OFF
Previous: None
Date: 2019-09-21 16:25:22.926651
Success: True
ErrorMessage: None

SIM/MOTION/PRINT/FORCES/SECTION_PARAMETERS

New: OFF
Previous: None
Date: 2019-09-21 16:25:22.926657
Success: True
ErrorMessage: None

SIM/MOTION/PRINT/FORCES/SECTION_PARAMETERS

New: ON
Previous: None
Date: 2019-09-21 16:25:22.926687
Success: True
ErrorMessage: None

SIM/MOTION/PRINT/FORCES/EACH/MD

New: 500
Previous: None
Date: 2019-09-21 16:25:22.926691
Success: True
ErrorMessage: None

SIM/MOTION/PRINT/FORCES/SECTION_PARAMETERS

New: ON
Previous: None
Date: 2019-09-21 16:25:22.926699
Success: True
ErrorMessage: None

SIM/MOTION/PRINT/FORCES/BACKUP_COPIES

New: 3
Previous: None
Date: 2019-09-21 16:25:22.926702
Success: True
ErrorMessage: None

SIM/MOTION/PRINT/FORCES/EACH/MD

New: 1
Previous: None
Date: 2019-09-21 16:25:22.926705
Success: True
ErrorMessage: None

