SIM/GLOBAL/RUN_TYPE

New: MD
Previous: None
Date: 2019-10-17 10:56:43.895974
Success: True
ErrorMessage: None

SIM/MOTION/METHOD

New: QUICKSTEP
Previous: None
Date: 2019-10-17 10:56:43.895982
Success: True
ErrorMessage: None

SIM/MOTION/STRESS_TENSOR

New: ANALYTICAL
Previous: QUICKSTEP
Date: 2019-10-17 10:56:43.895984
Success: True
ErrorMessage: None

SIM/MOTION/DFT/ABASIS_SET_FILE_NAME

New: /home/siepmann/singh891/cp2k-6.1.0/data/BASIS_MOLOPT
Previous: None
Date: 2019-10-17 10:56:43.895987
Success: True
ErrorMessage: None

SIM/MOTION/DFT/POTENTIAL_FILE_NAME

New: /home/siepmann/singh891/cp2k-6.1.0/data/GTH_POTENTIALS
Previous: None
Date: 2019-10-17 10:56:43.895988
Success: True
ErrorMessage: None

SIM/MOTION/DFT/CHARGE

New: 0
Previous: None
Date: 2019-10-17 10:56:43.895990
Success: True
ErrorMessage: None

SIM/MOTION/DFT/MULTIPLICITY

New: 1
Previous: None
Date: 2019-10-17 10:56:43.895993
Success: True
ErrorMessage: None

SIM/MOTION/DFT/MGRID/CUTOFF

New: 600
Previous: None
Date: 2019-10-17 10:56:43.895997
Success: True
ErrorMessage: None

SIM/MOTION/DFT/MGRID/REL_CUTOFF

New: 60
Previous: None
Date: 2019-10-17 10:56:43.895998
Success: True
ErrorMessage: None

SIM/MOTION/DFT/MGRID/NGRIDS

New: 4
Previous: None
Date: 2019-10-17 10:56:43.896000
Success: True
ErrorMessage: None

SIM/MOTION/DFT/ENERGY/METHOD

New: GPW
Previous: None
Date: 2019-10-17 10:56:43.896002
Success: True
ErrorMessage: None

SIM/MOTION/DFT/ENERGY/EPS_DEFAULT

New: 1e-10
Previous: None
Date: 2019-10-17 10:56:43.896003
Success: True
ErrorMessage: None

SIM/MOTION/DFT/ENERGY/EXTRAPOLATION

New: ASPC
Previous: None
Date: 2019-10-17 10:56:43.896005
Success: True
ErrorMessage: None

SIM/MOTION/DFT/POISSON/PERIODIC

New: XYZ
Previous: None
Date: 2019-10-17 10:56:43.896007
Success: True
ErrorMessage: None

SIM/MOTION/DFT/PRINT/PRINT/SECTION_PARAMETERS

New: OFF
Previous: None
Date: 2019-10-17 10:56:43.896010
Success: True
ErrorMessage: None

SIM/MOTION/DFT/SCF/SCF_GUESS

New: ATOMIC
Previous: None
Date: 2019-10-17 10:56:43.896012
Success: True
ErrorMessage: None

SIM/MOTION/DFT/SCF/MAX_SCF

New: 30
Previous: None
Date: 2019-10-17 10:56:43.896016
Success: True
ErrorMessage: None

SIM/MOTION/DFT/SCF/OT/SECTION_PARAMETERS

New: .TRUE.
Previous: None
Date: 2019-10-17 10:56:43.896018
Success: True
ErrorMessage: None

SIM/MOTION/DFT/SCF/OT/PRECONDITIONER

New: FULL_SINGLE_INVERSE
Previous: None
Date: 2019-10-17 10:56:43.896020
Success: True
ErrorMessage: None

SIM/MOTION/DFT/SCF/OT/MINIMIZER

New: DIIS
Previous: None
Date: 2019-10-17 10:56:43.896022
Success: True
ErrorMessage: None

SIM/MOTION/DFT/SCF/OUTER_SCF/SECTION_PARAMETERS

New: .TRUE.
Previous: None
Date: 2019-10-17 10:56:43.896027
Success: True
ErrorMessage: None

SIM/MOTION/DFT/SCF/OUTER_SCF/MAX_SCF

New: 10
Previous: None
Date: 2019-10-17 10:56:43.896029
Success: True
ErrorMessage: None

SIM/MOTION/DFT/SCF/OUTER_SCF/EPS_SCF

New: 1e-06
Previous: 1e-06
Date: 2019-10-17 10:56:43.896030
Success: True
ErrorMessage: None

SIM/MOTION/DFT/SCF/SCF_PRINT/FORCES/SECTION_PARAMETERS

New: OFF
Previous: None
Date: 2019-10-17 10:56:43.896032
Success: True
ErrorMessage: None

SIM/MOTION/DFT/SCF/SCF_PRINT/DM_RESTART_WRITE

New: .TRUE.
Previous: None
Date: 2019-10-17 10:56:43.896035
Success: True
ErrorMessage: None

SIM/MOTION/DFT/XC/XC_FUNCTIONAL/SECTION_PARAMETERS

New: BLYP
Previous: None
Date: 2019-10-17 10:56:43.896038
Success: True
ErrorMessage: None

SIM/MOTION/DFT/XC/VDW_POTENTIAL/POTENTIAL_TYPE

New: PAIR_POTENTIAL
Previous: None
Date: 2019-10-17 10:56:43.896040
Success: True
ErrorMessage: None

SIM/MOTION/DFT/XC/VDW_POTENTIAL/PAIR_POTENTIAL/TYPE

New: DFTD3
Previous: None
Date: 2019-10-17 10:56:43.896043
Success: True
ErrorMessage: None

SIM/MOTION/DFT/XC/VDW_POTENTIAL/PAIR_POTENTIAL/PARAMETER_FILE_NAME

New: dftd3.dat
Previous: None
Date: 2019-10-17 10:56:43.896045
Success: True
ErrorMessage: None

SIM/MOTION/DFT/XC/VDW_POTENTIAL/PAIR_POTENTIAL/REFERENCE_FUNCTIONAL

New: BLYP
Previous: None
Date: 2019-10-17 10:56:43.896047
Success: True
ErrorMessage: None

SIM/MOTION/DFT/XC/VDW_POTENTIAL/PAIR_POTENTIAL/R_CUTOFF

New: 11
Previous: None
Date: 2019-10-17 10:56:43.896049
Success: True
ErrorMessage: None

SIM/MOTION/SUBSYS/DFT/DEFAULT_KEYWORD

New: iodine.xyz
Previous: None
Date: 2019-10-17 10:56:43.896051
Success: True
ErrorMessage: None

SIM/MOTION/SUBSYS/KIND/SECTION_PARAMETERS

New: I
Previous: None
Date: 2019-10-17 10:56:43.896053
Success: True
ErrorMessage: None

SIM/MOTION/SUBSYS/KIND/BASIS_SET

New: DZVP-MOLOPT-SR-GTH
Previous: None
Date: 2019-10-17 10:56:43.896065
Success: True
ErrorMessage: None

SIM/MOTION/SUBSYS/KIND/POTENTIAL

New: GTH-BLYP-q7
Previous: None
Date: 2019-10-17 10:56:43.896067
Success: True
ErrorMessage: None

SIM/MOTION/SUBSYS/DFT/ABC

New: 13.0 13.0 13.0
Previous: None
Date: 2019-10-17 10:56:43.896068
Success: True
ErrorMessage: None

SIM/MOTION/GEO_OPT/MAX_DR

New: BFGS
Previous: None
Date: 2019-10-17 10:56:43.896070
Success: True
ErrorMessage: None

SIM/MOTION/GEO_OPT/MAX_ITER

New: 100
Previous: None
Date: 2019-10-17 10:56:43.896072
Success: True
ErrorMessage: None

SIM/MOTION/GEO_OPT/MAX_FORCE

New: 0.003
Previous: None
Date: 2019-10-17 10:56:43.896074
Success: True
ErrorMessage: None

SIM/MOTION/MD/ENSEMBLE

New: NVT
Previous: None
Date: 2019-10-17 10:56:43.896078
Success: True
ErrorMessage: None

SIM/MOTION/MD/STEPS

New: 1000000
Previous: None
Date: 2019-10-17 10:56:43.896080
Success: True
ErrorMessage: None

SIM/MOTION/MD/TIMESTEP

New: 0.5
Previous: None
Date: 2019-10-17 10:56:43.896081
Success: True
ErrorMessage: None

SIM/MOTION/MD/TEMPERATURE

New: 409.0
Previous: None
Date: 2019-10-17 10:56:43.896083
Success: True
ErrorMessage: None

SIM/MOTION/MD/THERMOSTAT/TYPE

New: NOSE
Previous: None
Date: 2019-10-17 10:56:43.896085
Success: True
ErrorMessage: None

SIM/MOTION/MD/THERMOSTAT/REGION

New: MASSIVE
Previous: None
Date: 2019-10-17 10:56:43.896086
Success: True
ErrorMessage: None

SIM/MOTION/MD/THERMOSTAT/NOSE/LENGTH

New: 3
Previous: None
Date: 2019-10-17 10:56:43.896090
Success: True
ErrorMessage: None

SIM/MOTION/MD/THERMOSTAT/NOSE/YOSHIDA

New: 3
Previous: None
Date: 2019-10-17 10:56:43.896095
Success: True
ErrorMessage: None

SIM/MOTION/MD/THERMOSTAT/NOSE/TIMECON

New: 1000.0
Previous: None
Date: 2019-10-17 10:56:43.896097
Success: True
ErrorMessage: None

SIM/MOTION/MD/THERMOSTAT/NOSE/MTS

New: 2
Previous: None
Date: 2019-10-17 10:56:43.896099
Success: True
ErrorMessage: None

SIM/MOTION/PRINT/STRESS/SECTION_PARAMETERS

New: ON
Previous: None
Date: 2019-10-17 10:56:43.896101
Success: True
ErrorMessage: None

SIM/MOTION/PRINT/TRAJECTORY/EACH/MD

New: 10
Previous: None
Date: 2019-10-17 10:56:43.896103
Success: True
ErrorMessage: None

SIM/MOTION/PRINT/VELOCITIES/SECTION_PARAMETERS

New: OFF
Previous: None
Date: 2019-10-17 10:56:43.896105
Success: True
ErrorMessage: None

SIM/MOTION/PRINT/FORCES/SECTION_PARAMETERS

New: OFF
Previous: None
Date: 2019-10-17 10:56:43.896107
Success: True
ErrorMessage: None

SIM/MOTION/PRINT/FORCES/SECTION_PARAMETERS

New: ON
Previous: None
Date: 2019-10-17 10:56:43.896110
Success: True
ErrorMessage: None

SIM/MOTION/PRINT/FORCES/EACH/MD

New: 500
Previous: None
Date: 2019-10-17 10:56:43.896129
Success: True
ErrorMessage: None

SIM/MOTION/PRINT/FORCES/SECTION_PARAMETERS

New: ON
Previous: None
Date: 2019-10-17 10:56:43.896133
Success: True
ErrorMessage: None

SIM/MOTION/PRINT/FORCES/BACKUP_COPIES

New: 3
Previous: None
Date: 2019-10-17 10:56:43.896135
Success: True
ErrorMessage: None

SIM/MOTION/PRINT/FORCES/EACH/MD

New: 1
Previous: None
Date: 2019-10-17 10:56:43.896137
Success: True
ErrorMessage: None

